d:\sdlgame\sdlgame\src\sdlgame\x64\debug\vc143.pdb
d:\sdlgame\sdlgame\src\sdlgame\x64\debug\vc143.idb
d:\sdlgame\sdlgame\src\sdlgame\x64\debug\function.obj
d:\sdlgame\sdlgame\src\sdlgame\x64\debug\utils.obj
d:\sdlgame\sdlgame\src\sdlgame\x64\debug\player.obj
d:\sdlgame\sdlgame\src\sdlgame\x64\debug\main.obj
d:\sdlgame\sdlgame\src\sdlgame\x64\debug\enemy.obj
d:\sdlgame\sdlgame\src\sdlgame\x64\debug\bullet.obj
c:\users\admin\downloads\sdlgame\src\sdlgame\x64\debug\vc143.pdb
c:\users\admin\downloads\sdlgame\src\sdlgame\x64\debug\vc143.idb
c:\users\admin\downloads\sdlgame\src\sdlgame\x64\debug\utils.obj
c:\users\admin\downloads\sdlgame\src\sdlgame\x64\debug\player.obj
c:\users\admin\downloads\sdlgame\src\sdlgame\x64\debug\main.obj
c:\users\admin\downloads\sdlgame\src\sdlgame\x64\debug\function.obj
c:\users\admin\downloads\sdlgame\src\sdlgame\x64\debug\enemy.obj
c:\users\admin\downloads\sdlgame\src\sdlgame\x64\debug\bullet.obj
d:\sdlgame\src\sdlgame\x64\debug\vc143.pdb
d:\sdlgame\src\sdlgame\x64\debug\vc143.idb
d:\sdlgame\src\sdlgame\x64\debug\utils.obj
d:\sdlgame\src\sdlgame\x64\debug\player.obj
d:\sdlgame\src\sdlgame\x64\debug\main.obj
d:\sdlgame\src\sdlgame\x64\debug\function.obj
d:\sdlgame\src\sdlgame\x64\debug\enemy.obj
d:\sdlgame\src\sdlgame\x64\debug\bullet.obj
d:\sdlgame\sdlgame\src\x64\debug\sdlgame.exe
d:\sdlgame\sdlgame\src\x64\debug\sdlgame.pdb
d:\sdlgame\sdlgame\src\sdlgame\x64\debug\sdlgame.ilk
d:\sdlgame\src\sdlgame\x64\debug\sdlgame.ilk
d:\sdlgame\src\x64\debug\sdlgame.ilk
d:\sdlgame\src\sdlgame\x64\debug\sdlgame.tlog\cl.command.1.tlog
d:\sdlgame\src\sdlgame\x64\debug\sdlgame.tlog\cl.items.tlog
d:\sdlgame\src\sdlgame\x64\debug\sdlgame.tlog\cl.read.1.tlog
d:\sdlgame\src\sdlgame\x64\debug\sdlgame.tlog\cl.write.1.tlog
d:\sdlgame\src\sdlgame\x64\debug\sdlgame.tlog\link.command.1.tlog
d:\sdlgame\src\sdlgame\x64\debug\sdlgame.tlog\link.read.1.tlog
d:\sdlgame\src\sdlgame\x64\debug\sdlgame.tlog\link.secondary.1.tlog
d:\sdlgame\src\sdlgame\x64\debug\sdlgame.tlog\link.write.1.tlog
